2016-05-01 22:31:10.106 main DEBUG com.tascape.qa.th.SystemConfiguration.listSysProperties:330 - Java system properties
2016-05-01 22:31:10.118 main DEBUG com.tascape.qa.th.SystemConfiguration.listSysProperties:332 -                                        awt.toolkit : sun.lwawt.macosx.LWCToolkit
2016-05-01 22:31:10.121 main DEBUG com.tascape.qa.th.SystemConfiguration.listSysProperties:332 -                                      file.encoding : UTF-8
2016-05-01 22:31:10.122 main DEBUG com.tascape.qa.th.SystemConfiguration.listSysProperties:332 -                                  file.encoding.pkg : sun.io
2016-05-01 22:31:10.131 main DEBUG com.tascape.qa.th.SystemConfiguration.listSysProperties:332 -                                     file.separator : /
2016-05-01 22:31:10.132 main DEBUG com.tascape.qa.th.SystemConfiguration.listSysProperties:332 -                                  ftp.nonProxyHosts : local|*.local|169.254/16|*.169.254/16
2016-05-01 22:31:10.135 main DEBUG com.tascape.qa.th.SystemConfiguration.listSysProperties:332 -                                     gopherProxySet : false
2016-05-01 22:31:10.137 main DEBUG com.tascape.qa.th.SystemConfiguration.listSysProperties:332 -                                 http.nonProxyHosts : local|*.local|169.254/16|*.169.254/16
2016-05-01 22:31:10.138 main DEBUG com.tascape.qa.th.SystemConfiguration.listSysProperties:332 -                               java.awt.graphicsenv : sun.awt.CGraphicsEnvironment
2016-05-01 22:31:10.139 main DEBUG com.tascape.qa.th.SystemConfiguration.listSysProperties:332 -                                java.awt.printerjob : sun.lwawt.macosx.CPrinterJob
2016-05-01 22:31:10.140 main DEBUG com.tascape.qa.th.SystemConfiguration.listSysProperties:332 -                                    java.class.path : /Users/wangl/github/tascape/thx-webui-demo/target/classes:/Users/wangl/github/tascape/thx-webui/target/classes:/Users/wangl/github/tascape/testharness/target/classes:/Users/wangl/github/tascape/th-junit4/target/classes:/Users/wangl/.m2/repository/org/hamcrest/hamcrest-core/1.3/hamcrest-core-1.3.jar:/Users/wangl/.m2/repository/org/slf4j/slf4j-api/1.7.13/slf4j-api-1.7.13.jar:/Users/wangl/.m2/repository/org/slf4j/slf4j-log4j12/1.7.21/slf4j-log4j12-1.7.21.jar:/Users/wangl/.m2/repository/log4j/log4j/1.2.17/log4j-1.2.17.jar:/Users/wangl/.m2/repository/org/json/json/20160212/json-20160212.jar:/Users/wangl/.m2/repository/com/jolbox/bonecp/0.8.0.RELEASE/bonecp-0.8.0.RELEASE.jar:/Users/wangl/.m2/repository/commons-io/commons-io/2.4/commons-io-2.4.jar:/Users/wangl/.m2/repository/org/apache/commons/commons-lang3/3.4/commons-lang3-3.4.jar:/Users/wangl/.m2/repository/org/apache/commons/commons-exec/1.3/commons-exec-1.3.jar:/Users/wangl/.m2/repository/com/google/guava/guava/19.0/guava-19.0.jar:/Users/wangl/.m2/repository/com/h2database/h2/1.4.191/h2-1.4.191.jar:/Users/wangl/.m2/repository/org/hamcrest/hamcrest-all/1.3/hamcrest-all-1.3.jar:/Users/wangl/.m2/repository/org/eclipse/persistence/eclipselink/2.6.2/eclipselink-2.6.2.jar:/Users/wangl/.m2/repository/org/eclipse/persistence/javax.persistence/2.1.1/javax.persistence-2.1.1.jar:/Users/wangl/.m2/repository/org/eclipse/persistence/commonj.sdo/2.1.1/commonj.sdo-2.1.1.jar:/Users/wangl/.m2/repository/javax/validation/validation-api/1.1.0.Final/validation-api-1.1.0.Final.jar:/Users/wangl/.m2/repository/org/glassfish/javax.json/1.0.4/javax.json-1.0.4.jar:/Users/wangl/.m2/repository/com/jcraft/jsch/0.1.53/jsch-0.1.53.jar:/Users/wangl/.m2/repository/mysql/mysql-connector-java/5.1.38/mysql-connector-java-5.1.38.jar:/Users/wangl/.m2/repository/org/jacoco/org.jacoco.core/0.7.6.201602180812/org.jacoco.core-0.7.6.201602180812.jar:/Users/wangl/.m2/repository/org/ow2/asm/asm-debug-all/5.0.4/asm-debug-all-5.0.4.jar:/Users/wangl/.m2/repository/org/seleniumhq/selenium/selenium-server/2.53.0/selenium-server-2.53.0.jar:/Users/wangl/.m2/repository/com/beust/jcommander/1.48/jcommander-1.48.jar:/Users/wangl/.m2/repository/org/bouncycastle/bcprov-jdk15on/1.48/bcprov-jdk15on-1.48.jar:/Users/wangl/.m2/repository/org/bouncycastle/bcpkix-jdk15on/1.48/bcpkix-jdk15on-1.48.jar:/Users/wangl/.m2/repository/mx4j/mx4j-tools/3.0.1/mx4j-tools-3.0.1.jar:/Users/wangl/.m2/repository/org/seleniumhq/selenium/jetty-repacked/9.2.13.v20150730/jetty-repacked-9.2.13.v20150730.jar:/Users/wangl/.m2/repository/javax/servlet/javax.servlet-api/3.1.0/javax.servlet-api-3.1.0.jar:/Users/wangl/.m2/repository/org/seleniumhq/selenium/jetty-rc-repacked/5/jetty-rc-repacked-5.jar:/Users/wangl/.m2/repository/net/jcip/jcip-annotations/1.0/jcip-annotations-1.0.jar:/Users/wangl/.m2/repository/org/yaml/snakeyaml/1.8/snakeyaml-1.8.jar:/Users/wangl/.m2/repository/commons-codec/commons-codec/1.10/commons-codec-1.10.jar:/Users/wangl/.m2/repository/org/seleniumhq/selenium/selenium-java/2.53.0/selenium-java-2.53.0.jar:/Users/wangl/.m2/repository/org/seleniumhq/selenium/selenium-chrome-driver/2.53.0/selenium-chrome-driver-2.53.0.jar:/Users/wangl/.m2/repository/org/seleniumhq/selenium/selenium-remote-driver/2.53.0/selenium-remote-driver-2.53.0.jar:/Users/wangl/.m2/repository/cglib/cglib-nodep/2.1_3/cglib-nodep-2.1_3.jar:/Users/wangl/.m2/repository/com/google/code/gson/gson/2.3.1/gson-2.3.1.jar:/Users/wangl/.m2/repository/org/seleniumhq/selenium/selenium-api/2.53.0/selenium-api-2.53.0.jar:/Users/wangl/.m2/repository/org/apache/httpcomponents/httpclient/4.5.1/httpclient-4.5.1.jar:/Users/wangl/.m2/repository/org/apache/httpcomponents/httpcore/4.4.3/httpcore-4.4.3.jar:/Users/wangl/.m2/repository/commons-logging/commons-logging/1.2/commons-logging-1.2.jar:/Users/wangl/.m2/repository/org/seleniumhq/selenium/selenium-edge-driver/2.53.0/selenium-edge-driver-2.53.0.jar:/Users/wangl/.m2/repository/org/seleniumhq/selenium/selenium-firefox-driver/2.53.0/selenium-firefox-driver-2.53.0.jar:/Users/wangl/.m2/repository/org/seleniumhq/selenium/selenium-ie-driver/2.53.0/selenium-ie-driver-2.53.0.jar:/Users/wangl/.m2/repository/net/java/dev/jna/jna/4.1.0/jna-4.1.0.jar:/Users/wangl/.m2/repository/net/java/dev/jna/jna-platform/4.1.0/jna-platform-4.1.0.jar:/Users/wangl/.m2/repository/org/seleniumhq/selenium/selenium-safari-driver/2.53.0/selenium-safari-driver-2.53.0.jar:/Users/wangl/.m2/repository/io/netty/netty/3.5.7.Final/netty-3.5.7.Final.jar:/Users/wangl/.m2/repository/org/seleniumhq/selenium/selenium-support/2.53.0/selenium-support-2.53.0.jar:/Users/wangl/.m2/repository/org/seleniumhq/selenium/selenium-leg-rc/2.53.0/selenium-leg-rc-2.53.0.jar
2016-05-01 22:31:10.141 main DEBUG com.tascape.qa.th.SystemConfiguration.listSysProperties:332 -                                 java.class.version : 52.0
2016-05-01 22:31:10.141 main DEBUG com.tascape.qa.th.SystemConfiguration.listSysProperties:332 -                                 java.endorsed.dirs : /Library/Java/JavaVirtualMachines/jdk1.8.0_91.jdk/Contents/Home/jre/lib/endorsed
2016-05-01 22:31:10.142 main DEBUG com.tascape.qa.th.SystemConfiguration.listSysProperties:332 -                                      java.ext.dirs : /Users/wangl/Library/Java/Extensions:/Library/Java/JavaVirtualMachines/jdk1.8.0_91.jdk/Contents/Home/jre/lib/ext:/Library/Java/Extensions:/Network/Library/Java/Extensions:/System/Library/Java/Extensions:/usr/lib/java
2016-05-01 22:31:10.142 main DEBUG com.tascape.qa.th.SystemConfiguration.listSysProperties:332 -                                          java.home : /Library/Java/JavaVirtualMachines/jdk1.8.0_91.jdk/Contents/Home/jre
2016-05-01 22:31:10.144 main DEBUG com.tascape.qa.th.SystemConfiguration.listSysProperties:332 -                                     java.io.tmpdir : /var/folders/2v/8t82brm91_jb8frsvh60gfgc0000gp/T/
2016-05-01 22:31:10.147 main DEBUG com.tascape.qa.th.SystemConfiguration.listSysProperties:332 -                                  java.library.path : /Users/wangl/Library/Java/Extensions:/Library/Java/Extensions:/Network/Library/Java/Extensions:/System/Library/Java/Extensions:/usr/lib/java:.
2016-05-01 22:31:10.148 main DEBUG com.tascape.qa.th.SystemConfiguration.listSysProperties:332 -                                  java.runtime.name : Java(TM) SE Runtime Environment
2016-05-01 22:31:10.148 main DEBUG com.tascape.qa.th.SystemConfiguration.listSysProperties:332 -                               java.runtime.version : 1.8.0_91-b14
2016-05-01 22:31:10.149 main DEBUG com.tascape.qa.th.SystemConfiguration.listSysProperties:332 -                            java.specification.name : Java Platform API Specification
2016-05-01 22:31:10.150 main DEBUG com.tascape.qa.th.SystemConfiguration.listSysProperties:332 -                          java.specification.vendor : Oracle Corporation
2016-05-01 22:31:10.150 main DEBUG com.tascape.qa.th.SystemConfiguration.listSysProperties:332 -                         java.specification.version : 1.8
2016-05-01 22:31:10.151 main DEBUG com.tascape.qa.th.SystemConfiguration.listSysProperties:332 -                                        java.vendor : Oracle Corporation
2016-05-01 22:31:10.152 main DEBUG com.tascape.qa.th.SystemConfiguration.listSysProperties:332 -                                    java.vendor.url : http://java.oracle.com/
2016-05-01 22:31:10.153 main DEBUG com.tascape.qa.th.SystemConfiguration.listSysProperties:332 -                                java.vendor.url.bug : http://bugreport.sun.com/bugreport/
2016-05-01 22:31:10.154 main DEBUG com.tascape.qa.th.SystemConfiguration.listSysProperties:332 -                                       java.version : 1.8.0_91
2016-05-01 22:31:10.154 main DEBUG com.tascape.qa.th.SystemConfiguration.listSysProperties:332 -                                       java.vm.info : mixed mode
2016-05-01 22:31:10.155 main DEBUG com.tascape.qa.th.SystemConfiguration.listSysProperties:332 -                                       java.vm.name : Java HotSpot(TM) 64-Bit Server VM
2016-05-01 22:31:10.156 main DEBUG com.tascape.qa.th.SystemConfiguration.listSysProperties:332 -                         java.vm.specification.name : Java Virtual Machine Specification
2016-05-01 22:31:10.156 main DEBUG com.tascape.qa.th.SystemConfiguration.listSysProperties:332 -                       java.vm.specification.vendor : Oracle Corporation
2016-05-01 22:31:10.156 main DEBUG com.tascape.qa.th.SystemConfiguration.listSysProperties:332 -                      java.vm.specification.version : 1.8
2016-05-01 22:31:10.157 main DEBUG com.tascape.qa.th.SystemConfiguration.listSysProperties:332 -                                     java.vm.vendor : Oracle Corporation
2016-05-01 22:31:10.157 main DEBUG com.tascape.qa.th.SystemConfiguration.listSysProperties:332 -                                    java.vm.version : 25.91-b14
2016-05-01 22:31:10.158 main DEBUG com.tascape.qa.th.SystemConfiguration.listSysProperties:332 -                                     line.separator : 

2016-05-01 22:31:10.164 main DEBUG com.tascape.qa.th.SystemConfiguration.listSysProperties:332 -                                            os.arch : x86_64
2016-05-01 22:31:10.165 main DEBUG com.tascape.qa.th.SystemConfiguration.listSysProperties:332 -                                            os.name : Mac OS X
2016-05-01 22:31:10.165 main DEBUG com.tascape.qa.th.SystemConfiguration.listSysProperties:332 -                                         os.version : 10.11.4
2016-05-01 22:31:10.166 main DEBUG com.tascape.qa.th.SystemConfiguration.listSysProperties:332 -                                     path.separator : :
2016-05-01 22:31:10.168 main DEBUG com.tascape.qa.th.SystemConfiguration.listSysProperties:332 -                                 socksNonProxyHosts : local|*.local|169.254/16|*.169.254/16
2016-05-01 22:31:10.176 main DEBUG com.tascape.qa.th.SystemConfiguration.listSysProperties:332 -                                sun.arch.data.model : 64
2016-05-01 22:31:10.177 main DEBUG com.tascape.qa.th.SystemConfiguration.listSysProperties:332 -                                sun.boot.class.path : /Library/Java/JavaVirtualMachines/jdk1.8.0_91.jdk/Contents/Home/jre/lib/resources.jar:/Library/Java/JavaVirtualMachines/jdk1.8.0_91.jdk/Contents/Home/jre/lib/rt.jar:/Library/Java/JavaVirtualMachines/jdk1.8.0_91.jdk/Contents/Home/jre/lib/sunrsasign.jar:/Library/Java/JavaVirtualMachines/jdk1.8.0_91.jdk/Contents/Home/jre/lib/jsse.jar:/Library/Java/JavaVirtualMachines/jdk1.8.0_91.jdk/Contents/Home/jre/lib/jce.jar:/Library/Java/JavaVirtualMachines/jdk1.8.0_91.jdk/Contents/Home/jre/lib/charsets.jar:/Library/Java/JavaVirtualMachines/jdk1.8.0_91.jdk/Contents/Home/jre/lib/jfr.jar:/Library/Java/JavaVirtualMachines/jdk1.8.0_91.jdk/Contents/Home/jre/classes
2016-05-01 22:31:10.179 main DEBUG com.tascape.qa.th.SystemConfiguration.listSysProperties:332 -                              sun.boot.library.path : /Library/Java/JavaVirtualMachines/jdk1.8.0_91.jdk/Contents/Home/jre/lib
2016-05-01 22:31:10.179 main DEBUG com.tascape.qa.th.SystemConfiguration.listSysProperties:332 -                                     sun.cpu.endian : little
2016-05-01 22:31:10.181 main DEBUG com.tascape.qa.th.SystemConfiguration.listSysProperties:332 -                                    sun.cpu.isalist : 
2016-05-01 22:31:10.181 main DEBUG com.tascape.qa.th.SystemConfiguration.listSysProperties:332 -                            sun.io.unicode.encoding : UnicodeBig
2016-05-01 22:31:10.182 main DEBUG com.tascape.qa.th.SystemConfiguration.listSysProperties:332 -                                   sun.java.command : com.tascape.qa.th.webui.webdriver.suite.TestSuiteOne
2016-05-01 22:31:10.182 main DEBUG com.tascape.qa.th.SystemConfiguration.listSysProperties:332 -                                  sun.java.launcher : SUN_STANDARD
2016-05-01 22:31:10.183 main DEBUG com.tascape.qa.th.SystemConfiguration.listSysProperties:332 -                                   sun.jnu.encoding : UTF-8
2016-05-01 22:31:10.183 main DEBUG com.tascape.qa.th.SystemConfiguration.listSysProperties:332 -                            sun.management.compiler : HotSpot 64-Bit Tiered Compilers
2016-05-01 22:31:10.184 main DEBUG com.tascape.qa.th.SystemConfiguration.listSysProperties:332 -                                 sun.os.patch.level : unknown
2016-05-01 22:31:10.186 main DEBUG com.tascape.qa.th.SystemConfiguration.listSysProperties:332 -                                       user.country : US
2016-05-01 22:31:10.187 main DEBUG com.tascape.qa.th.SystemConfiguration.listSysProperties:332 -                                           user.dir : /Users/wangl/github/tascape/thx-webui-demo
2016-05-01 22:31:10.187 main DEBUG com.tascape.qa.th.SystemConfiguration.listSysProperties:332 -                                          user.home : /Users/wangl
2016-05-01 22:31:10.188 main DEBUG com.tascape.qa.th.SystemConfiguration.listSysProperties:332 -                                      user.language : en
2016-05-01 22:31:10.189 main DEBUG com.tascape.qa.th.SystemConfiguration.listSysProperties:332 -                                          user.name : wangl
2016-05-01 22:31:10.190 main DEBUG com.tascape.qa.th.SystemConfiguration.listSysProperties:332 -                                      user.timezone : America/Vancouver
2016-05-01 22:31:10.192 main DEBUG com.tascape.qa.th.SystemConfiguration.listSysProperties:337 - Java environment properties
2016-05-01 22:31:10.193 main DEBUG com.tascape.qa.th.SystemConfiguration.listSysProperties:339 -                                      APP_ICON_2145 : /Applications/NetBeans/NetBeans 8.1.app/Contents/Resources/NetBeans/nb/netbeans.icns
2016-05-01 22:31:10.193 main DEBUG com.tascape.qa.th.SystemConfiguration.listSysProperties:339 -                                      APP_NAME_2145 : NetBeans
2016-05-01 22:31:10.194 main DEBUG com.tascape.qa.th.SystemConfiguration.listSysProperties:339 -                         Apple_PubSub_Socket_Render : /private/tmp/com.apple.launchd.plPPDnd23H/Render
2016-05-01 22:31:10.194 main DEBUG com.tascape.qa.th.SystemConfiguration.listSysProperties:339 -                                               HOME : /Users/wangl
2016-05-01 22:31:10.195 main DEBUG com.tascape.qa.th.SystemConfiguration.listSysProperties:339 -                                        J2D_PIXMAPS : shared
2016-05-01 22:31:10.195 main DEBUG com.tascape.qa.th.SystemConfiguration.listSysProperties:339 -                                          JAVA_HOME : /Library/Java/JavaVirtualMachines/jdk1.8.0_91.jdk/Contents/Home
2016-05-01 22:31:10.195 main DEBUG com.tascape.qa.th.SystemConfiguration.listSysProperties:339 -                               JAVA_MAIN_CLASS_2145 : org.netbeans.Main
2016-05-01 22:31:10.196 main DEBUG com.tascape.qa.th.SystemConfiguration.listSysProperties:339 -                              JAVA_MAIN_CLASS_38167 : org.codehaus.plexus.classworlds.launcher.Launcher
2016-05-01 22:31:10.197 main DEBUG com.tascape.qa.th.SystemConfiguration.listSysProperties:339 -                              JAVA_MAIN_CLASS_38173 : com.tascape.qa.th.webui.webdriver.suite.TestSuiteOne
2016-05-01 22:31:10.198 main DEBUG com.tascape.qa.th.SystemConfiguration.listSysProperties:339 -                                           LC_CTYPE : UTF-8
2016-05-01 22:31:10.198 main DEBUG com.tascape.qa.th.SystemConfiguration.listSysProperties:339 -                                            LOGNAME : wangl
2016-05-01 22:31:10.199 main DEBUG com.tascape.qa.th.SystemConfiguration.listSysProperties:339 -                                            M2_HOME : /Applications/NetBeans/NetBeans 8.1.app/Contents/Resources/NetBeans/java/maven
2016-05-01 22:31:10.199 main DEBUG com.tascape.qa.th.SystemConfiguration.listSysProperties:339 -                         NB_EXEC_MAVEN_PROCESS_UUID : f5fd33ac-fe59-4a85-ac33-c1a09aff3c96
2016-05-01 22:31:10.200 main DEBUG com.tascape.qa.th.SystemConfiguration.listSysProperties:339 -                                               PATH : /usr/bin:/bin:/usr/sbin:/sbin
2016-05-01 22:31:10.201 main DEBUG com.tascape.qa.th.SystemConfiguration.listSysProperties:339 -                                                PWD : /Users/wangl/github/tascape/thx-webui-demo
2016-05-01 22:31:10.201 main DEBUG com.tascape.qa.th.SystemConfiguration.listSysProperties:339 -                                              SHELL : /bin/bash
2016-05-01 22:31:10.202 main DEBUG com.tascape.qa.th.SystemConfiguration.listSysProperties:339 -                                              SHLVL : 1
2016-05-01 22:31:10.202 main DEBUG com.tascape.qa.th.SystemConfiguration.listSysProperties:339 -                                      SSH_AUTH_SOCK : /private/tmp/com.apple.launchd.317uLSkXX8/Listeners
2016-05-01 22:31:10.203 main DEBUG com.tascape.qa.th.SystemConfiguration.listSysProperties:339 -                                             TMPDIR : /var/folders/2v/8t82brm91_jb8frsvh60gfgc0000gp/T/
2016-05-01 22:31:10.203 main DEBUG com.tascape.qa.th.SystemConfiguration.listSysProperties:339 -                                               USER : wangl
2016-05-01 22:31:10.204 main DEBUG com.tascape.qa.th.SystemConfiguration.listSysProperties:339 -                                          XPC_FLAGS : 0x0
2016-05-01 22:31:10.204 main DEBUG com.tascape.qa.th.SystemConfiguration.listSysProperties:339 -                                   XPC_SERVICE_NAME : 0
2016-05-01 22:31:10.205 main DEBUG com.tascape.qa.th.SystemConfiguration.listSysProperties:339 -                            __CF_USER_TEXT_ENCODING : 0x1F6:0x0:0x0
2016-05-01 22:31:10.206 main DEBUG com.tascape.qa.th.SystemConfiguration.listSysProperties:339 -                            netbeansProjectMappings : com.tascape.qa:thx-webui:1.1.4=/Users/wangl/github/tascape/thx-webui,com.tascape.qa:th-junit4:4.12=/Users/wangl/github/tascape/th-junit4,com.tascape.qa:testharness:1.1.6=/Users/wangl/github/tascape/testharness
2016-05-01 22:31:10.222 main DEBUG com.tascape.qa.th.SystemConfiguration.loadSystemPropertiesFromPath:344 - Loading system properties from /Users/wangl/.th/th.properties
2016-05-01 22:31:10.395 main WARN  com.tascape.qa.th.SystemConfiguration.<init>:122 - There is no execution id specified, using local new UUID: th_bfe681ab_6f1c_41d4_8525_85fbb66d8835
2016-05-01 22:31:10.398 main DEBUG com.tascape.qa.th.SystemConfiguration.listAppProperties:313 - Application properties
2016-05-01 22:31:10.402 main DEBUG com.tascape.qa.th.SystemConfiguration.lambda$listAppProperties$9:319 -                          qa.th.comm.ADB_EXECUTABLE : /usr/local/bin/adb
2016-05-01 22:31:10.403 main DEBUG com.tascape.qa.th.SystemConfiguration.lambda$listAppProperties$9:319 -                            qa.th.debug.class.regex : .+
2016-05-01 22:31:10.404 main DEBUG com.tascape.qa.th.SystemConfiguration.lambda$listAppProperties$9:319 -                           qa.th.debug.method.regex : .+
2016-05-01 22:31:10.404 main DEBUG com.tascape.qa.th.SystemConfiguration.lambda$listAppProperties$9:319 -                                      qa.th.exec.id : th_bfe681ab_6f1c_41d4_8525_85fbb66d8835
2016-05-01 22:31:10.405 main DEBUG com.tascape.qa.th.SystemConfiguration.lambda$listAppProperties$9:319 -                            qa.th.exec.thread.count : 0
2016-05-01 22:31:10.405 main DEBUG com.tascape.qa.th.SystemConfiguration.lambda$listAppProperties$9:319 -                                     qa.th.log.path : /Users/wangl/qa/th/logs
2016-05-01 22:31:10.405 main DEBUG com.tascape.qa.th.SystemConfiguration.lambda$listAppProperties$9:319 -                            qa.th.result.visibility : true
2016-05-01 22:31:10.405 main DEBUG com.tascape.qa.th.SystemConfiguration.lambda$listAppProperties$9:319 -                              qa.th.test.load.limit : 100
2016-05-01 22:31:10.406 main DEBUG com.tascape.qa.th.SystemConfiguration.lambda$listAppProperties$9:319 -                                 qa.th.test.station : local
2016-05-01 22:31:10.406 main DEBUG com.tascape.qa.th.SystemConfiguration.lambda$listAppProperties$9:319 -                                   qa.th.test.suite : com.tascape.qa.th.webui.webdriver.suite.TestSuiteOne
2016-05-01 22:31:10.407 main DEBUG com.tascape.qa.th.Utils.cleanDirectory:458 - Starting directory cleaning thread (scanning hourly), all files/directories in /Users/wangl/qa/th/logs and older than 240.0 hour(s) and starts with thlka_ will be deleted
2016-05-01 22:31:10.407 main DEBUG com.tascape.qa.th.TestHarness.main:42 - Running test suite class: com.tascape.qa.th.webui.webdriver.suite.TestSuiteOne
2016-05-01 22:31:10.414 main DEBUG com.tascape.qa.th.TestSuite.<init>:54 - Find test cases in target test suite com.tascape.qa.th.webui.webdriver.suite.TestSuiteOne
2016-05-01 22:31:10.465 main DEBUG com.tascape.qa.th.TestSuite.processTestAnnotations:124 - Checking method annotation TestDataProvider for each test case
2016-05-01 22:31:10.475 main TRACE com.tascape.qa.th.TestSuite.lambda$processTestAnnotations$13:142 - Calling class class com.tascape.qa.th.data.TestIterationData, method useIterations, with parameter 4
2016-05-01 22:31:10.482 main DEBUG com.tascape.qa.th.TestSuite.lambda$processTestAnnotations$13:145 - com.tascape.qa.th.webui.webdriver.suite.TestSuiteOne.com.tascape.qa.th.webui.webdriver.test.GoogleSearchTests.testSearch.. is a data-driven test case, test data size is 4
2016-05-01 22:31:10.505 main DEBUG com.tascape.qa.th.TestSuite.lambda$processTestAnnotations$13:158 - Adding test case com.tascape.qa.th.webui.webdriver.suite.TestSuiteOne.com.tascape.qa.th.webui.webdriver.test.GoogleSearchTests.testSearch.com.tascape.qa.th.data.TestIterationData.useIterations(4)#0.1/4
2016-05-01 22:31:10.506 main DEBUG com.tascape.qa.th.TestSuite.lambda$processTestAnnotations$13:158 - Adding test case com.tascape.qa.th.webui.webdriver.suite.TestSuiteOne.com.tascape.qa.th.webui.webdriver.test.GoogleSearchTests.testSearch.com.tascape.qa.th.data.TestIterationData.useIterations(4)#1.2/4
2016-05-01 22:31:10.508 main DEBUG com.tascape.qa.th.TestSuite.lambda$processTestAnnotations$13:158 - Adding test case com.tascape.qa.th.webui.webdriver.suite.TestSuiteOne.com.tascape.qa.th.webui.webdriver.test.GoogleSearchTests.testSearch.com.tascape.qa.th.data.TestIterationData.useIterations(4)#2.3/4
2016-05-01 22:31:10.512 main DEBUG com.tascape.qa.th.TestSuite.lambda$processTestAnnotations$13:158 - Adding test case com.tascape.qa.th.webui.webdriver.suite.TestSuiteOne.com.tascape.qa.th.webui.webdriver.test.GoogleSearchTests.testSearch.com.tascape.qa.th.data.TestIterationData.useIterations(4)#3.4/4
2016-05-01 22:31:10.513 main DEBUG com.tascape.qa.th.TestSuite.filter:102 - Use debug class  name fileter .+
2016-05-01 22:31:10.514 main DEBUG com.tascape.qa.th.TestSuite.filter:103 - Use debug method name fileter .+
2016-05-01 22:31:10.520 main DEBUG com.tascape.qa.th.SystemConfiguration.getBooleanProperty:166 - System property 'qa.th.shuffle.tests' is not defined, default value 'false' will be used
2016-05-01 22:31:10.524 main DEBUG com.tascape.qa.th.SuiteRunner.<init>:66 - Run suite with execution id th_bfe681ab_6f1c_41d4_8525_85fbb66d8835
2016-05-01 22:31:11.418 main-cleaning-1556956098 DEBUG com.tascape.qa.th.Utils$7.run:447 - Waiting for next cleanup...
2016-05-01 22:31:11.568 main DEBUG com.tascape.qa.th.db.MysqlHandler.queueSuiteExecution:82 - Queue test suite for execution with execution id th_bfe681ab_6f1c_41d4_8525_85fbb66d8835
2016-05-01 22:31:11.571 main DEBUG com.tascape.qa.th.db.MysqlHandler.acquireExecutionLock:286 - Acquire lock testharness.th_bfe681ab_6f1c_41d4_8525_85fbb66d8835
2016-05-01 22:31:11.580 main TRACE com.tascape.qa.th.db.MysqlHandler.acquireExecutionLock:289 - testharness.th_bfe681ab_6f1c_41d4_8525_85fbb66d8835 is locked
2016-05-01 22:31:11.580 main DEBUG com.tascape.qa.th.db.MysqlHandler.queueTestSuite:101 - Queueing test suite result with execution id th_bfe681ab_6f1c_41d4_8525_85fbb66d8835 
2016-05-01 22:31:11.583 main DEBUG com.tascape.qa.th.SystemConfiguration.getProperty:134 - System property 'qa.th.product.under.test' is not defined, default value '' will be used
2016-05-01 22:31:11.657 main DEBUG com.tascape.qa.th.db.MysqlHandler.queueTestSuite:118 - Queueing suite execution th_bfe681ab_6f1c_41d4_8525_85fbb66d8835
2016-05-01 22:31:11.675 main DEBUG com.tascape.qa.th.db.MysqlHandler.queueTestCaseResults:169 - Queue 4 test case result(s) with execution id th_bfe681ab_6f1c_41d4_8525_85fbb66d8835 
2016-05-01 22:31:11.680 main DEBUG com.tascape.qa.th.db.DbHandler.getTestCaseIds:179 - SELECT * FROM test_case WHERE SUITE_CLASS='com.tascape.qa.th.webui.webdriver.suite.TestSuiteOne'
2016-05-01 22:31:11.683 main DEBUG com.tascape.qa.th.db.DbHandler.getTestCaseIds:190 - Found 0 tests exist
2016-05-01 22:31:11.699 main DEBUG com.tascape.qa.th.db.MysqlHandler.getTestCaseId:131 - Query for id of test case com.tascape.qa.th.webui.webdriver.suite.TestSuiteOne.com.tascape.qa.th.webui.webdriver.test.GoogleSearchTests.testSearch.com.tascape.qa.th.data.TestIterationData.useIterations(4)#0.1/4 
2016-05-01 22:31:11.740 main DEBUG com.tascape.qa.th.db.MysqlHandler.getTestCaseId:131 - Query for id of test case com.tascape.qa.th.webui.webdriver.suite.TestSuiteOne.com.tascape.qa.th.webui.webdriver.test.GoogleSearchTests.testSearch.com.tascape.qa.th.data.TestIterationData.useIterations(4)#1.2/4 
2016-05-01 22:31:11.763 main DEBUG com.tascape.qa.th.db.MysqlHandler.getTestCaseId:131 - Query for id of test case com.tascape.qa.th.webui.webdriver.suite.TestSuiteOne.com.tascape.qa.th.webui.webdriver.test.GoogleSearchTests.testSearch.com.tascape.qa.th.data.TestIterationData.useIterations(4)#2.3/4 
2016-05-01 22:31:11.781 main DEBUG com.tascape.qa.th.db.MysqlHandler.getTestCaseId:131 - Query for id of test case com.tascape.qa.th.webui.webdriver.suite.TestSuiteOne.com.tascape.qa.th.webui.webdriver.test.GoogleSearchTests.testSearch.com.tascape.qa.th.data.TestIterationData.useIterations(4)#3.4/4 
2016-05-01 22:31:11.805 main DEBUG com.tascape.qa.th.db.MysqlHandler.releaseExecutionLock:299 - Release lock testharness.th_bfe681ab_6f1c_41d4_8525_85fbb66d8835
2016-05-01 22:31:11.806 main TRACE com.tascape.qa.th.db.MysqlHandler.releaseExecutionLock:302 - testharness.th_bfe681ab_6f1c_41d4_8525_85fbb66d8835 is released
2016-05-01 22:31:11.807 main DEBUG com.tascape.qa.th.SuiteRunner.runTests:76 - Create suite execution log directory /Users/wangl/qa/th/logs/th_bfe681ab_6f1c_41d4_8525_85fbb66d8835
2016-05-01 22:31:11.808 main DEBUG com.tascape.qa.th.SuiteRunner.getExecutorService:166 - number of thread(s) 0
2016-05-01 22:31:11.808 main DEBUG com.tascape.qa.th.SuiteRunner.getExecutorService:171 - number of environment(s) 0
2016-05-01 22:31:11.808 main DEBUG com.tascape.qa.th.SuiteRunner.getExecutorService:176 - Start execution engine with 1 thread(s)
2016-05-01 22:31:11.858 main DEBUG com.tascape.qa.th.SuiteRunner.runTests:84 - Start to acquire test cases to execute
2016-05-01 22:31:11.859 main DEBUG com.tascape.qa.th.SuiteRunner.runTests:86 - Load queued test cases 100 per round
2016-05-01 22:31:11.860 main DEBUG com.tascape.qa.th.db.DbHandler.getQueuedTestCaseResults:198 - Query database for all queued test cases
2016-05-01 22:31:11.870 main DEBUG com.tascape.qa.th.db.DbHandler.getQueuedTestCaseResults:239 - Found 4 test cases in DB with QUEUED state
2016-05-01 22:31:11.873 main DEBUG com.tascape.qa.th.SystemConfiguration.getBooleanProperty:166 - System property 'qa.th.shuffle.tests' is not defined, default value 'false' will be used
2016-05-01 22:31:11.874 main DEBUG com.tascape.qa.th.SuiteRunner.runTests:95 - Submit test case com.tascape.qa.th.webui.webdriver.suite.TestSuiteOne.com.tascape.qa.th.webui.webdriver.test.GoogleSearchTests.testSearch.com.tascape.qa.th.data.TestIterationData.useIterations(4)#0.1/4
2016-05-01 22:31:11.889 main DEBUG com.tascape.qa.th.SuiteRunner.runTests:95 - Submit test case com.tascape.qa.th.webui.webdriver.suite.TestSuiteOne.com.tascape.qa.th.webui.webdriver.test.GoogleSearchTests.testSearch.com.tascape.qa.th.data.TestIterationData.useIterations(4)#1.2/4
2016-05-01 22:31:11.889 th0  DEBUG com.tascape.qa.th.TestRunnerJUnit4.newLogFile:116 - Creating test case execution log directory /Users/wangl/qa/th/logs/th_bfe681ab_6f1c_41d4_8525_85fbb66d8835/TestSuiteOne.GoogleSearchTests.testSearch.0.1462167071889.th0
2016-05-01 22:31:11.891 main DEBUG com.tascape.qa.th.SuiteRunner.runTests:95 - Submit test case com.tascape.qa.th.webui.webdriver.suite.TestSuiteOne.com.tascape.qa.th.webui.webdriver.test.GoogleSearchTests.testSearch.com.tascape.qa.th.data.TestIterationData.useIterations(4)#2.3/4
2016-05-01 22:31:11.891 th0  TRACE com.tascape.qa.th.AbstractTestRunner.setTestLogPath:57 - Setting runtime log directory /Users/wangl/qa/th/logs/th_bfe681ab_6f1c_41d4_8525_85fbb66d8835/TestSuiteOne.GoogleSearchTests.testSearch.0.1462167071889.th0
2016-05-01 22:31:11.892 main DEBUG com.tascape.qa.th.SuiteRunner.runTests:95 - Submit test case com.tascape.qa.th.webui.webdriver.suite.TestSuiteOne.com.tascape.qa.th.webui.webdriver.test.GoogleSearchTests.testSearch.com.tascape.qa.th.data.TestIterationData.useIterations(4)#3.4/4
2016-05-01 22:31:11.893 main DEBUG com.tascape.qa.th.SuiteRunner.runTests:98 - Total 4 test cases submitted
2016-05-01 22:31:11.894 th0  DEBUG com.tascape.qa.th.TestRunnerJUnit4.newLogFile:124 - Creating log file
2016-05-01 22:31:11.895 th0  DEBUG com.tascape.qa.th.db.DbHandler.acquireTestCaseResult:244 - Try to acquire test case com.tascape.qa.th.webui.webdriver.suite.TestSuiteOne.com.tascape.qa.th.webui.webdriver.test.GoogleSearchTests.testSearch.com.tascape.qa.th.data.TestIterationData.useIterations(4)#0.1/4
2016-05-01 22:31:11.902 th0  DEBUG com.tascape.qa.th.db.DbHandler.acquireTestCaseResult:256 - Found test case com.tascape.qa.th.webui.webdriver.suite.TestSuiteOne.com.tascape.qa.th.webui.webdriver.test.GoogleSearchTests.testSearch.com.tascape.qa.th.data.TestIterationData.useIterations(4)#0.1/4 in DB with QUEUED state
2016-05-01 22:31:11.947 th0  DEBUG com.tascape.qa.th.webui.comm.Firefox.<init>:62 - Load Firefox profile named as default
2016-05-01 22:31:20.066 th0  DEBUG com.tascape.qa.th.webui.comm.WebBrowser.get:101 - Open url https://www.google.com
2016-05-01 22:31:21.638 th0  DEBUG com.tascape.qa.th.Utils.sleep:398 - Wait for app launch
2016-05-01 22:31:26.640 th0  DEBUG com.tascape.qa.th.suite.AbstractSuite.putTestDirver:107 - Putting runtime driver com.tascape.qa.th.webui.webdriver.test.GoogleSearchTests+com.tascape.qa.th.webui.webdriver.driver.GoogleDotCom+1953376950=com.tascape.qa.th.webui.webdriver.driver.GoogleDotCom@240338e4 into suite test environment
2016-05-01 22:31:26.644 th0  DEBUG com.tascape.qa.th.TestRunnerJUnit4.runTestCase:78 - Injecting test data: com.tascape.qa.th.data.TestIterationData.useIterations(4)#0 = 1/4
2016-05-01 22:31:26.645 th0  DEBUG com.tascape.qa.th.TestRunnerJUnit4.runTestCase:83 - Loading test case com.tascape.qa.th.webui.webdriver.suite.TestSuiteOne.com.tascape.qa.th.webui.webdriver.test.GoogleSearchTests.testSearch.com.tascape.qa.th.data.TestIterationData.useIterations(4)#0.1/4
2016-05-01 22:31:26.735 th0  DEBUG com.tascape.qa.th.TestRunListener.testRunStarted:60 - Test class started com.tascape.qa.th.webui.webdriver.test.GoogleSearchTests
2016-05-01 22:31:26.736 th0  TRACE com.tascape.qa.th.TestRunListener.testRunStarted:72 - AUT
2016-05-01 22:31:26.736 th0  DEBUG com.tascape.qa.th.db.DbHandler.updateTestExecutionResult:274 - Update test result 46786301_738c_467a_9637_30b5ad9609f4 (com.tascape.qa.th.webui.webdriver.suite.TestSuiteOne.com.tascape.qa.th.webui.webdriver.test.GoogleSearchTests.testSearch.com.tascape.qa.th.data.TestIterationData.useIterations(4)#0.1/4) to RUNNING
2016-05-01 22:31:26.752 th0  DEBUG com.tascape.qa.th.test.AbstractTest.getEntityDriver:117 - Getting runtime driver (name=com.tascape.qa.th.webui.webdriver.test.GoogleSearchTests+com.tascape.qa.th.webui.webdriver.driver.GoogleDotCom+1953376950, type=com.tascape.qa.th.webui.webdriver.driver.GoogleDotCom) from suite test environment
2016-05-01 22:31:26.755 th0  DEBUG org.junit.internal.runners.statements.FailOnTimeout.<init>:81 - Test timeout 15 MINUTES
2016-05-01 22:31:26.756 th0  DEBUG com.tascape.qa.th.TestRunListener.testStarted:109 - Test method started com.tascape.qa.th.webui.webdriver.test.GoogleSearchTests.testSearch
2016-05-01 22:31:26.756 th0  DEBUG com.tascape.qa.th.db.DbHandler.updateTestExecutionResult:274 - Update test result 46786301_738c_467a_9637_30b5ad9609f4 (com.tascape.qa.th.webui.webdriver.suite.TestSuiteOne.com.tascape.qa.th.webui.webdriver.test.GoogleSearchTests.testSearch.com.tascape.qa.th.data.TestIterationData.useIterations(4)#0.1/4) to RUNNING
2016-05-01 22:31:26.765 th0  DEBUG com.tascape.qa.th.TestRunListener.testStarted:122 - Application under test: google.com
2016-05-01 22:31:26.768 th022 DEBUG com.tascape.qa.th.test.AbstractTest.getTestData:135 - Getting injected test data com.tascape.qa.th.data.TestIterationData=1/4
2016-05-01 22:31:26.805 th022 DEBUG com.tascape.qa.th.webui.comm.WebBrowser.getCurrentUrl:116 - Current url is https://www.google.com/
2016-05-01 22:31:27.140 th022 DEBUG com.tascape.qa.th.Utils.sleep:398 - wait
2016-05-01 22:31:32.143 th022 DEBUG com.tascape.qa.th.webui.driver.App.takeScreenshot:87 - Take screenshot
2016-05-01 22:31:32.159 th022 DEBUG com.tascape.qa.th.AbstractTestResource.saveIntoFile:49 - Save data into file /Users/wangl/qa/th/logs/th_bfe681ab_6f1c_41d4_8525_85fbb66d8835/TestSuiteOne.GoogleSearchTests.testSearch.0.1462167071889.th0/ss-7386267289035662444.png
2016-05-01 22:31:32.510 th022 TRACE com.tascape.qa.th.webui.driver.App.takeScreenshot:92 - time 367 ms
2016-05-01 22:31:32.514 th0  DEBUG com.tascape.qa.th.TestRunListener.testFinished:157 - Test method finished com.tascape.qa.th.webui.webdriver.test.GoogleSearchTests.testSearch
2016-05-01 22:31:32.516 th0  DEBUG com.tascape.qa.th.TestRunListener.testRunFinished:185 - Test class finished
2016-05-01 22:31:32.517 th0  DEBUG com.tascape.qa.th.TestRunListener.testRunFinished:187 - PASS: true, time: 5.781 sec
2016-05-01 22:31:32.519 th0  DEBUG com.tascape.qa.th.db.DbHandler.updateTestExecutionResult:274 - Update test result 46786301_738c_467a_9637_30b5ad9609f4 (com.tascape.qa.th.webui.webdriver.suite.TestSuiteOne.com.tascape.qa.th.webui.webdriver.test.GoogleSearchTests.testSearch.com.tascape.qa.th.data.TestIterationData.useIterations(4)#0.1/4) to PASS
2016-05-01 22:31:32.528 th0  TRACE com.tascape.qa.th.AbstractTestRunner.generateHtml:89 - creating file /Users/wangl/qa/th/logs/th_bfe681ab_6f1c_41d4_8525_85fbb66d8835/TestSuiteOne.GoogleSearchTests.testSearch.0.1462167071889.th0/log.html
2016-05-01 22:31:32.532 th0  DEBUG com.tascape.qa.th.TestRunnerJUnit4.newLogFile:116 - Creating test case execution log directory /Users/wangl/qa/th/logs/th_bfe681ab_6f1c_41d4_8525_85fbb66d8835/TestSuiteOne.GoogleSearchTests.testSearch.1.1462167092531.th0
2016-05-01 22:31:32.532 th0  TRACE com.tascape.qa.th.AbstractTestRunner.setTestLogPath:57 - Setting runtime log directory /Users/wangl/qa/th/logs/th_bfe681ab_6f1c_41d4_8525_85fbb66d8835/TestSuiteOne.GoogleSearchTests.testSearch.1.1462167092531.th0
2016-05-01 22:31:32.532 th0  DEBUG com.tascape.qa.th.TestRunnerJUnit4.newLogFile:124 - Creating log file
2016-05-01 22:31:32.533 th0  DEBUG com.tascape.qa.th.db.DbHandler.acquireTestCaseResult:244 - Try to acquire test case com.tascape.qa.th.webui.webdriver.suite.TestSuiteOne.com.tascape.qa.th.webui.webdriver.test.GoogleSearchTests.testSearch.com.tascape.qa.th.data.TestIterationData.useIterations(4)#1.2/4
2016-05-01 22:31:32.532 main DEBUG com.tascape.qa.th.SuiteRunner.runTests:105 - Get result of test case com.tascape.qa.th.webui.webdriver.suite.TestSuiteOne.com.tascape.qa.th.webui.webdriver.test.GoogleSearchTests.testSearch.com.tascape.qa.th.data.TestIterationData.useIterations(4)#0.1/4 - PASS
2016-05-01 22:31:32.540 th0  DEBUG com.tascape.qa.th.db.DbHandler.acquireTestCaseResult:256 - Found test case com.tascape.qa.th.webui.webdriver.suite.TestSuiteOne.com.tascape.qa.th.webui.webdriver.test.GoogleSearchTests.testSearch.com.tascape.qa.th.data.TestIterationData.useIterations(4)#1.2/4 in DB with QUEUED state
2016-05-01 22:31:32.545 th0  DEBUG com.tascape.qa.th.TestRunnerJUnit4.runTestCase:78 - Injecting test data: com.tascape.qa.th.data.TestIterationData.useIterations(4)#1 = 2/4
2016-05-01 22:31:32.545 th0  DEBUG com.tascape.qa.th.TestRunnerJUnit4.runTestCase:83 - Loading test case com.tascape.qa.th.webui.webdriver.suite.TestSuiteOne.com.tascape.qa.th.webui.webdriver.test.GoogleSearchTests.testSearch.com.tascape.qa.th.data.TestIterationData.useIterations(4)#1.2/4
2016-05-01 22:31:32.547 th0  DEBUG com.tascape.qa.th.TestRunListener.testRunStarted:60 - Test class started com.tascape.qa.th.webui.webdriver.test.GoogleSearchTests
2016-05-01 22:31:32.547 th0  TRACE com.tascape.qa.th.TestRunListener.testRunStarted:72 - AUT
2016-05-01 22:31:32.548 th0  DEBUG com.tascape.qa.th.db.DbHandler.updateTestExecutionResult:274 - Update test result d9eef2d7_e78b_43c6_916c_af80ac8debaf (com.tascape.qa.th.webui.webdriver.suite.TestSuiteOne.com.tascape.qa.th.webui.webdriver.test.GoogleSearchTests.testSearch.com.tascape.qa.th.data.TestIterationData.useIterations(4)#1.2/4) to RUNNING
2016-05-01 22:31:32.670 th0  DEBUG com.tascape.qa.th.test.AbstractTest.getEntityDriver:117 - Getting runtime driver (name=com.tascape.qa.th.webui.webdriver.test.GoogleSearchTests+com.tascape.qa.th.webui.webdriver.driver.GoogleDotCom+1953376950, type=com.tascape.qa.th.webui.webdriver.driver.GoogleDotCom) from suite test environment
2016-05-01 22:31:32.670 th0  DEBUG org.junit.internal.runners.statements.FailOnTimeout.<init>:81 - Test timeout 15 MINUTES
2016-05-01 22:31:32.671 th0  DEBUG com.tascape.qa.th.TestRunListener.testStarted:109 - Test method started com.tascape.qa.th.webui.webdriver.test.GoogleSearchTests.testSearch
2016-05-01 22:31:32.671 th0  DEBUG com.tascape.qa.th.db.DbHandler.updateTestExecutionResult:274 - Update test result d9eef2d7_e78b_43c6_916c_af80ac8debaf (com.tascape.qa.th.webui.webdriver.suite.TestSuiteOne.com.tascape.qa.th.webui.webdriver.test.GoogleSearchTests.testSearch.com.tascape.qa.th.data.TestIterationData.useIterations(4)#1.2/4) to RUNNING
2016-05-01 22:31:32.680 th0  DEBUG com.tascape.qa.th.TestRunListener.testStarted:122 - Application under test: google.com
2016-05-01 22:31:32.681 th023 DEBUG com.tascape.qa.th.test.AbstractTest.getTestData:135 - Getting injected test data com.tascape.qa.th.data.TestIterationData=2/4
2016-05-01 22:31:32.713 th023 DEBUG com.tascape.qa.th.webui.comm.WebBrowser.getCurrentUrl:116 - Current url is https://www.google.com/#newwindow=1&q=com.tascape.qa+0
2016-05-01 22:31:32.910 th023 DEBUG com.tascape.qa.th.Utils.sleep:398 - wait
2016-05-01 22:31:37.911 th023 DEBUG com.tascape.qa.th.webui.driver.App.takeScreenshot:87 - Take screenshot
2016-05-01 22:31:38.100 th023 DEBUG com.tascape.qa.th.AbstractTestResource.saveIntoFile:49 - Save data into file /Users/wangl/qa/th/logs/th_bfe681ab_6f1c_41d4_8525_85fbb66d8835/TestSuiteOne.GoogleSearchTests.testSearch.1.1462167092531.th0/ss-7213198716397046163.png
2016-05-01 22:31:39.420 th023 TRACE com.tascape.qa.th.webui.driver.App.takeScreenshot:92 - time 1509 ms
2016-05-01 22:31:39.421 th0  DEBUG com.tascape.qa.th.TestRunListener.testFinished:157 - Test method finished com.tascape.qa.th.webui.webdriver.test.GoogleSearchTests.testSearch
2016-05-01 22:31:39.421 th0  DEBUG com.tascape.qa.th.TestRunListener.testRunFinished:185 - Test class finished
2016-05-01 22:31:39.422 th0  DEBUG com.tascape.qa.th.TestRunListener.testRunFinished:187 - PASS: true, time: 6.874 sec
2016-05-01 22:31:39.422 th0  DEBUG com.tascape.qa.th.db.DbHandler.updateTestExecutionResult:274 - Update test result d9eef2d7_e78b_43c6_916c_af80ac8debaf (com.tascape.qa.th.webui.webdriver.suite.TestSuiteOne.com.tascape.qa.th.webui.webdriver.test.GoogleSearchTests.testSearch.com.tascape.qa.th.data.TestIterationData.useIterations(4)#1.2/4) to PASS
2016-05-01 22:31:39.432 th0  TRACE com.tascape.qa.th.AbstractTestRunner.generateHtml:89 - creating file /Users/wangl/qa/th/logs/th_bfe681ab_6f1c_41d4_8525_85fbb66d8835/TestSuiteOne.GoogleSearchTests.testSearch.1.1462167092531.th0/log.html
2016-05-01 22:31:39.435 th0  DEBUG com.tascape.qa.th.TestRunnerJUnit4.newLogFile:116 - Creating test case execution log directory /Users/wangl/qa/th/logs/th_bfe681ab_6f1c_41d4_8525_85fbb66d8835/TestSuiteOne.GoogleSearchTests.testSearch.2.1462167099435.th0
2016-05-01 22:31:39.435 main DEBUG com.tascape.qa.th.SuiteRunner.runTests:105 - Get result of test case com.tascape.qa.th.webui.webdriver.suite.TestSuiteOne.com.tascape.qa.th.webui.webdriver.test.GoogleSearchTests.testSearch.com.tascape.qa.th.data.TestIterationData.useIterations(4)#1.2/4 - PASS
2016-05-01 22:31:39.436 th0  TRACE com.tascape.qa.th.AbstractTestRunner.setTestLogPath:57 - Setting runtime log directory /Users/wangl/qa/th/logs/th_bfe681ab_6f1c_41d4_8525_85fbb66d8835/TestSuiteOne.GoogleSearchTests.testSearch.2.1462167099435.th0
2016-05-01 22:31:39.436 th0  DEBUG com.tascape.qa.th.TestRunnerJUnit4.newLogFile:124 - Creating log file
2016-05-01 22:31:39.437 th0  DEBUG com.tascape.qa.th.db.DbHandler.acquireTestCaseResult:244 - Try to acquire test case com.tascape.qa.th.webui.webdriver.suite.TestSuiteOne.com.tascape.qa.th.webui.webdriver.test.GoogleSearchTests.testSearch.com.tascape.qa.th.data.TestIterationData.useIterations(4)#2.3/4
2016-05-01 22:31:39.441 th0  DEBUG com.tascape.qa.th.db.DbHandler.acquireTestCaseResult:256 - Found test case com.tascape.qa.th.webui.webdriver.suite.TestSuiteOne.com.tascape.qa.th.webui.webdriver.test.GoogleSearchTests.testSearch.com.tascape.qa.th.data.TestIterationData.useIterations(4)#2.3/4 in DB with QUEUED state
2016-05-01 22:31:39.446 th0  DEBUG com.tascape.qa.th.TestRunnerJUnit4.runTestCase:78 - Injecting test data: com.tascape.qa.th.data.TestIterationData.useIterations(4)#2 = 3/4
2016-05-01 22:31:39.446 th0  DEBUG com.tascape.qa.th.TestRunnerJUnit4.runTestCase:83 - Loading test case com.tascape.qa.th.webui.webdriver.suite.TestSuiteOne.com.tascape.qa.th.webui.webdriver.test.GoogleSearchTests.testSearch.com.tascape.qa.th.data.TestIterationData.useIterations(4)#2.3/4
2016-05-01 22:31:39.448 th0  DEBUG com.tascape.qa.th.TestRunListener.testRunStarted:60 - Test class started com.tascape.qa.th.webui.webdriver.test.GoogleSearchTests
2016-05-01 22:31:39.448 th0  TRACE com.tascape.qa.th.TestRunListener.testRunStarted:72 - AUT
2016-05-01 22:31:39.448 th0  DEBUG com.tascape.qa.th.db.DbHandler.updateTestExecutionResult:274 - Update test result 3fb208c0_e7c9_4b22_85d6_43a4b4e7ff10 (com.tascape.qa.th.webui.webdriver.suite.TestSuiteOne.com.tascape.qa.th.webui.webdriver.test.GoogleSearchTests.testSearch.com.tascape.qa.th.data.TestIterationData.useIterations(4)#2.3/4) to RUNNING
2016-05-01 22:31:39.460 th0  DEBUG com.tascape.qa.th.test.AbstractTest.getEntityDriver:117 - Getting runtime driver (name=com.tascape.qa.th.webui.webdriver.test.GoogleSearchTests+com.tascape.qa.th.webui.webdriver.driver.GoogleDotCom+1953376950, type=com.tascape.qa.th.webui.webdriver.driver.GoogleDotCom) from suite test environment
2016-05-01 22:31:39.461 th0  DEBUG org.junit.internal.runners.statements.FailOnTimeout.<init>:81 - Test timeout 15 MINUTES
2016-05-01 22:31:39.461 th0  DEBUG com.tascape.qa.th.TestRunListener.testStarted:109 - Test method started com.tascape.qa.th.webui.webdriver.test.GoogleSearchTests.testSearch
2016-05-01 22:31:39.461 th0  DEBUG com.tascape.qa.th.db.DbHandler.updateTestExecutionResult:274 - Update test result 3fb208c0_e7c9_4b22_85d6_43a4b4e7ff10 (com.tascape.qa.th.webui.webdriver.suite.TestSuiteOne.com.tascape.qa.th.webui.webdriver.test.GoogleSearchTests.testSearch.com.tascape.qa.th.data.TestIterationData.useIterations(4)#2.3/4) to RUNNING
2016-05-01 22:31:39.469 th0  DEBUG com.tascape.qa.th.TestRunListener.testStarted:122 - Application under test: google.com
2016-05-01 22:31:39.470 th024 DEBUG com.tascape.qa.th.test.AbstractTest.getTestData:135 - Getting injected test data com.tascape.qa.th.data.TestIterationData=3/4
2016-05-01 22:31:39.487 th024 DEBUG com.tascape.qa.th.webui.comm.WebBrowser.getCurrentUrl:116 - Current url is https://www.google.com/#newwindow=1&q=com.tascape.qa+1
2016-05-01 22:31:39.977 th024 DEBUG com.tascape.qa.th.Utils.sleep:398 - wait
2016-05-01 22:31:44.980 th024 DEBUG com.tascape.qa.th.webui.driver.App.takeScreenshot:87 - Take screenshot
2016-05-01 22:31:44.981 th024 DEBUG com.tascape.qa.th.AbstractTestResource.saveIntoFile:49 - Save data into file /Users/wangl/qa/th/logs/th_bfe681ab_6f1c_41d4_8525_85fbb66d8835/TestSuiteOne.GoogleSearchTests.testSearch.2.1462167099435.th0/ss-3123001337291616659.png
2016-05-01 22:31:45.259 th024 TRACE com.tascape.qa.th.webui.driver.App.takeScreenshot:92 - time 279 ms
2016-05-01 22:31:45.259 th0  DEBUG com.tascape.qa.th.TestRunListener.testFinished:157 - Test method finished com.tascape.qa.th.webui.webdriver.test.GoogleSearchTests.testSearch
2016-05-01 22:31:45.260 th0  DEBUG com.tascape.qa.th.TestRunListener.testRunFinished:185 - Test class finished
2016-05-01 22:31:45.260 th0  DEBUG com.tascape.qa.th.TestRunListener.testRunFinished:187 - PASS: true, time: 5.812 sec
2016-05-01 22:31:45.260 th0  DEBUG com.tascape.qa.th.db.DbHandler.updateTestExecutionResult:274 - Update test result 3fb208c0_e7c9_4b22_85d6_43a4b4e7ff10 (com.tascape.qa.th.webui.webdriver.suite.TestSuiteOne.com.tascape.qa.th.webui.webdriver.test.GoogleSearchTests.testSearch.com.tascape.qa.th.data.TestIterationData.useIterations(4)#2.3/4) to PASS
2016-05-01 22:31:45.269 th0  TRACE com.tascape.qa.th.AbstractTestRunner.generateHtml:89 - creating file /Users/wangl/qa/th/logs/th_bfe681ab_6f1c_41d4_8525_85fbb66d8835/TestSuiteOne.GoogleSearchTests.testSearch.2.1462167099435.th0/log.html
2016-05-01 22:31:45.272 main DEBUG com.tascape.qa.th.SuiteRunner.runTests:105 - Get result of test case com.tascape.qa.th.webui.webdriver.suite.TestSuiteOne.com.tascape.qa.th.webui.webdriver.test.GoogleSearchTests.testSearch.com.tascape.qa.th.data.TestIterationData.useIterations(4)#2.3/4 - PASS
2016-05-01 22:31:45.272 th0  DEBUG com.tascape.qa.th.TestRunnerJUnit4.newLogFile:116 - Creating test case execution log directory /Users/wangl/qa/th/logs/th_bfe681ab_6f1c_41d4_8525_85fbb66d8835/TestSuiteOne.GoogleSearchTests.testSearch.3.1462167105272.th0
2016-05-01 22:31:45.273 th0  TRACE com.tascape.qa.th.AbstractTestRunner.setTestLogPath:57 - Setting runtime log directory /Users/wangl/qa/th/logs/th_bfe681ab_6f1c_41d4_8525_85fbb66d8835/TestSuiteOne.GoogleSearchTests.testSearch.3.1462167105272.th0
2016-05-01 22:31:45.273 th0  DEBUG com.tascape.qa.th.TestRunnerJUnit4.newLogFile:124 - Creating log file
2016-05-01 22:31:45.274 th0  DEBUG com.tascape.qa.th.db.DbHandler.acquireTestCaseResult:244 - Try to acquire test case com.tascape.qa.th.webui.webdriver.suite.TestSuiteOne.com.tascape.qa.th.webui.webdriver.test.GoogleSearchTests.testSearch.com.tascape.qa.th.data.TestIterationData.useIterations(4)#3.4/4
2016-05-01 22:31:45.277 th0  DEBUG com.tascape.qa.th.db.DbHandler.acquireTestCaseResult:256 - Found test case com.tascape.qa.th.webui.webdriver.suite.TestSuiteOne.com.tascape.qa.th.webui.webdriver.test.GoogleSearchTests.testSearch.com.tascape.qa.th.data.TestIterationData.useIterations(4)#3.4/4 in DB with QUEUED state
2016-05-01 22:31:45.282 th0  DEBUG com.tascape.qa.th.TestRunnerJUnit4.runTestCase:78 - Injecting test data: com.tascape.qa.th.data.TestIterationData.useIterations(4)#3 = 4/4
2016-05-01 22:31:45.282 th0  DEBUG com.tascape.qa.th.TestRunnerJUnit4.runTestCase:83 - Loading test case com.tascape.qa.th.webui.webdriver.suite.TestSuiteOne.com.tascape.qa.th.webui.webdriver.test.GoogleSearchTests.testSearch.com.tascape.qa.th.data.TestIterationData.useIterations(4)#3.4/4
2016-05-01 22:31:45.283 th0  DEBUG com.tascape.qa.th.TestRunListener.testRunStarted:60 - Test class started com.tascape.qa.th.webui.webdriver.test.GoogleSearchTests
2016-05-01 22:31:45.284 th0  TRACE com.tascape.qa.th.TestRunListener.testRunStarted:72 - AUT
2016-05-01 22:31:45.284 th0  DEBUG com.tascape.qa.th.db.DbHandler.updateTestExecutionResult:274 - Update test result 92f01843_4be4_4155_9d89_334e2c4da373 (com.tascape.qa.th.webui.webdriver.suite.TestSuiteOne.com.tascape.qa.th.webui.webdriver.test.GoogleSearchTests.testSearch.com.tascape.qa.th.data.TestIterationData.useIterations(4)#3.4/4) to RUNNING
2016-05-01 22:31:45.292 th0  DEBUG com.tascape.qa.th.test.AbstractTest.getEntityDriver:117 - Getting runtime driver (name=com.tascape.qa.th.webui.webdriver.test.GoogleSearchTests+com.tascape.qa.th.webui.webdriver.driver.GoogleDotCom+1953376950, type=com.tascape.qa.th.webui.webdriver.driver.GoogleDotCom) from suite test environment
2016-05-01 22:31:45.292 th0  DEBUG org.junit.internal.runners.statements.FailOnTimeout.<init>:81 - Test timeout 15 MINUTES
2016-05-01 22:31:45.292 th0  DEBUG com.tascape.qa.th.TestRunListener.testStarted:109 - Test method started com.tascape.qa.th.webui.webdriver.test.GoogleSearchTests.testSearch
2016-05-01 22:31:45.293 th0  DEBUG com.tascape.qa.th.db.DbHandler.updateTestExecutionResult:274 - Update test result 92f01843_4be4_4155_9d89_334e2c4da373 (com.tascape.qa.th.webui.webdriver.suite.TestSuiteOne.com.tascape.qa.th.webui.webdriver.test.GoogleSearchTests.testSearch.com.tascape.qa.th.data.TestIterationData.useIterations(4)#3.4/4) to RUNNING
2016-05-01 22:31:45.300 th0  DEBUG com.tascape.qa.th.TestRunListener.testStarted:122 - Application under test: google.com
2016-05-01 22:31:45.301 th025 DEBUG com.tascape.qa.th.test.AbstractTest.getTestData:135 - Getting injected test data com.tascape.qa.th.data.TestIterationData=4/4
2016-05-01 22:31:45.308 th025 DEBUG com.tascape.qa.th.webui.comm.WebBrowser.getCurrentUrl:116 - Current url is https://www.google.com/#newwindow=1&q=com.tascape.qa+2
2016-05-01 22:31:45.477 th025 DEBUG com.tascape.qa.th.Utils.sleep:398 - wait
2016-05-01 22:31:50.482 th025 DEBUG com.tascape.qa.th.webui.driver.App.takeScreenshot:87 - Take screenshot
2016-05-01 22:31:50.482 th025 DEBUG com.tascape.qa.th.AbstractTestResource.saveIntoFile:49 - Save data into file /Users/wangl/qa/th/logs/th_bfe681ab_6f1c_41d4_8525_85fbb66d8835/TestSuiteOne.GoogleSearchTests.testSearch.3.1462167105272.th0/ss-1283300644439684972.png
2016-05-01 22:31:50.686 th025 TRACE com.tascape.qa.th.webui.driver.App.takeScreenshot:92 - time 204 ms
2016-05-01 22:31:50.687 th0  DEBUG com.tascape.qa.th.TestRunListener.testFinished:157 - Test method finished com.tascape.qa.th.webui.webdriver.test.GoogleSearchTests.testSearch
2016-05-01 22:31:50.687 th0  DEBUG com.tascape.qa.th.TestRunListener.testRunFinished:185 - Test class finished
2016-05-01 22:31:50.687 th0  DEBUG com.tascape.qa.th.TestRunListener.testRunFinished:187 - PASS: true, time: 5.404 sec
2016-05-01 22:31:50.688 th0  DEBUG com.tascape.qa.th.db.DbHandler.updateTestExecutionResult:274 - Update test result 92f01843_4be4_4155_9d89_334e2c4da373 (com.tascape.qa.th.webui.webdriver.suite.TestSuiteOne.com.tascape.qa.th.webui.webdriver.test.GoogleSearchTests.testSearch.com.tascape.qa.th.data.TestIterationData.useIterations(4)#3.4/4) to PASS
2016-05-01 22:31:50.709 th0  TRACE com.tascape.qa.th.AbstractTestRunner.generateHtml:89 - creating file /Users/wangl/qa/th/logs/th_bfe681ab_6f1c_41d4_8525_85fbb66d8835/TestSuiteOne.GoogleSearchTests.testSearch.3.1462167105272.th0/log.html
2016-05-01 22:31:50.711 main DEBUG com.tascape.qa.th.SuiteRunner.runTests:105 - Get result of test case com.tascape.qa.th.webui.webdriver.suite.TestSuiteOne.com.tascape.qa.th.webui.webdriver.test.GoogleSearchTests.testSearch.com.tascape.qa.th.data.TestIterationData.useIterations(4)#3.4/4 - PASS
2016-05-01 22:31:50.711 main DEBUG com.tascape.qa.th.db.DbHandler.getQueuedTestCaseResults:198 - Query database for all queued test cases
2016-05-01 22:31:50.713 main DEBUG com.tascape.qa.th.db.DbHandler.getQueuedTestCaseResults:239 - Found 0 test case in DB with QUEUED state
2016-05-01 22:31:50.714 main DEBUG com.tascape.qa.th.SystemConfiguration.getBooleanProperty:166 - System property 'qa.th.shuffle.tests' is not defined, default value 'false' will be used
2016-05-01 22:31:50.714 main DEBUG com.tascape.qa.th.SuiteRunner.runTests:119 - Getting suite-under-test
2016-05-01 22:31:50.714 main DEBUG com.tascape.qa.th.SuiteRunner.runTests:127 - No more test case to run on this host, updating suite execution result
2016-05-01 22:31:50.714 main DEBUG com.tascape.qa.th.db.DbHandler.updateSuiteExecutionResult:307 - Update test suite execution result with execution id th_bfe681ab_6f1c_41d4_8525_85fbb66d8835
2016-05-01 22:31:50.715 main DEBUG com.tascape.qa.th.db.MysqlHandler.acquireExecutionLock:286 - Acquire lock testharness.th_bfe681ab_6f1c_41d4_8525_85fbb66d8835
2016-05-01 22:31:50.716 main TRACE com.tascape.qa.th.db.MysqlHandler.acquireExecutionLock:289 - testharness.th_bfe681ab_6f1c_41d4_8525_85fbb66d8835 is locked
2016-05-01 22:31:50.726 main DEBUG com.tascape.qa.th.db.MysqlHandler.releaseExecutionLock:299 - Release lock testharness.th_bfe681ab_6f1c_41d4_8525_85fbb66d8835
2016-05-01 22:31:50.728 main TRACE com.tascape.qa.th.db.MysqlHandler.releaseExecutionLock:302 - testharness.th_bfe681ab_6f1c_41d4_8525_85fbb66d8835 is released
2016-05-01 22:31:50.728 main DEBUG com.tascape.qa.th.db.DbHandler.adjustSuiteExecutionResult:378 - Adjust test suite execution result of execution id th_bfe681ab_6f1c_41d4_8525_85fbb66d8835 with test iterations
2016-05-01 22:31:50.729 main DEBUG com.tascape.qa.th.db.MysqlHandler.acquireExecutionLock:286 - Acquire lock testharness.th_bfe681ab_6f1c_41d4_8525_85fbb66d8835
2016-05-01 22:31:50.729 main TRACE com.tascape.qa.th.db.MysqlHandler.acquireExecutionLock:289 - testharness.th_bfe681ab_6f1c_41d4_8525_85fbb66d8835 is locked
2016-05-01 22:31:50.730 main DEBUG com.tascape.qa.th.db.DbHandler.adjustSuiteExecutionResult:398 - SELECT tr.*, tc.* FROM test_result tr JOIN test_case tc ON tr.TEST_CASE_ID = tc.TEST_CASE_ID WHERE SUITE_RESULT = ?;
2016-05-01 22:31:50.731 main DEBUG com.tascape.qa.th.db.DbHandler.adjustSuiteExecutionResult:431 - 0 0
2016-05-01 22:31:50.741 main DEBUG com.tascape.qa.th.db.DbHandler.adjustSuiteExecutionResult:435 - 1 0
2016-05-01 22:31:50.751 main DEBUG com.tascape.qa.th.db.MysqlHandler.releaseExecutionLock:299 - Release lock testharness.th_bfe681ab_6f1c_41d4_8525_85fbb66d8835
2016-05-01 22:31:50.752 main TRACE com.tascape.qa.th.db.MysqlHandler.releaseExecutionLock:302 - testharness.th_bfe681ab_6f1c_41d4_8525_85fbb66d8835 is released
2016-05-01 22:31:50.754 main DEBUG com.tascape.qa.th.webui.comm.WebBrowser.quit:152 - Quit browser
2016-05-01 22:31:51.071 main DEBUG com.tascape.qa.th.db.DbHandler.exportToJson:573 - Generate JSON result
2016-05-01 22:31:51.079 main TRACE com.tascape.qa.th.db.DbHandler.dumpResultSetToList:777 - 1 rows loaded
2016-05-01 22:31:51.081 main TRACE com.tascape.qa.th.db.DbHandler.dumpResultSetToList:777 - 0 rows loaded
2016-05-01 22:31:51.086 main TRACE com.tascape.qa.th.db.DbHandler.dumpResultSetToList:777 - 4 rows loaded
2016-05-01 22:31:51.091 main TRACE com.tascape.qa.th.db.DbHandler.dumpResultSetToList:777 - 11 rows loaded
2016-05-01 22:31:51.094 main DEBUG com.tascape.qa.th.db.DbHandler.saveJunitXml:498 - Generate JUnit XML result
